000.000 =============================================================
000.000                     Station B                               
000.000 -------------------------------------------------------------
000.000 Protocol.lib, version 4.0, jiangyanjun0718@bupt.edu.cn
000.000 Channel: 8000 bps, 270 ms propagation delay, bit error rate 0
000.000 Log file "C:\Users\lymly\Desktop\课内\大二下\计算机网络\实验\Lab1(Win+Linux)\Lab1-Windows-VS2017\Example\gobackn-B.log", TCP port 59144, debug mask 0x03
000.000 Station B is connecting station A (TCP port 59144) ... Done.
000.406 New epoch: Sun May 10 21:31:02 2026
000.406 =================================================================
000.406 
000.406 Designed by Jiang Yanjun, build: Oct 28 2018  16:37:57
000.406 Protocol Options: Piggybacking (Enabled), NAK (Enabled)
000.973 Recv DATA 0 7, ID 10000
001.058 Send DATA 0 0, ID 20000, Window 0, PHL Queue 0
001.226 Recv DATA 1 7, ID 10001
001.292 Send DATA 1 1, ID 20001, Window 1, PHL Queue 18
001.490 Recv DATA 2 7, ID 10002
001.542 Send DATA 2 2, ID 20002, Window 2, PHL Queue 46
001.757 Recv DATA 3 7, ID 10003
001.807 Send DATA 3 3, ID 20003, Window 3, PHL Queue 44
002.007 Recv DATA 4 7, ID 10004
002.088 Send DATA 4 4, ID 20004, Window 4, PHL Queue 10
002.257 Recv DATA 5 0, ID 10005
002.356 Send DATA 5 5, ID 20005, Window 4, PHL Queue 2
002.521 Recv DATA 6 1, ID 10006
002.605 Send DATA 6 6, ID 20006, Window 4, PHL Queue 32
002.806 Recv DATA 7 2, ID 10007
002.807 .... 8 packets received, 7761 bps, 97.02%, Err 0 (0.0e+000)
002.872 Send DATA 7 7, ID 20007, Window 4, PHL Queue 26
003.072 Recv DATA 0 3, ID 10008
003.139 Send DATA 0 0, ID 20008, Window 4, PHL Queue 20
003.322 Recv DATA 1 4, ID 10009
003.389 Send DATA 1 1, ID 20009, Window 4, PHL Queue 48
003.590 Recv DATA 2 5, ID 10010
003.673 Send DATA 2 2, ID 20010, Window 4, PHL Queue 8
003.857 Recv DATA 3 6, ID 10011
003.938 Send DATA 3 3, ID 20011, Window 4, PHL Queue 6
004.122 Recv DATA 4 7, ID 10012
004.190 Send DATA 4 4, ID 20012, Window 4, PHL Queue 30
004.404 Recv DATA 5 0, ID 10013
004.457 Send DATA 5 5, ID 20013, Window 4, PHL Queue 24
004.636 Recv DATA 6 1, ID 10014
004.722 Send DATA 6 6, ID 20014, Window 4, PHL Queue 22
004.922 Recv DATA 7 2, ID 10015
004.923 .... 16 packets received, 7752 bps, 96.90%, Err 0 (0.0e+000)
004.973 Send DATA 7 7, ID 20015, Window 4, PHL Queue 48
005.189 Recv DATA 0 3, ID 10016
005.256 Send DATA 0 0, ID 20016, Window 4, PHL Queue 10
005.456 Recv DATA 1 4, ID 10017
005.507 Send DATA 1 1, ID 20017, Window 4, PHL Queue 36
005.706 Recv DATA 2 5, ID 10018
005.773 Send DATA 2 2, ID 20018, Window 4, PHL Queue 32
005.972 Recv DATA 3 6, ID 10019
006.039 Send DATA 3 3, ID 20019, Window 4, PHL Queue 28
006.239 Recv DATA 4 7, ID 10020
006.306 Send DATA 4 4, ID 20020, Window 4, PHL Queue 22
006.524 Recv DATA 5 0, ID 10021
006.559 Send DATA 5 5, ID 20021, Window 4, PHL Queue 44
006.755 Recv DATA 6 1, ID 10022
006.823 Send DATA 6 6, ID 20022, Window 4, PHL Queue 44
007.040 Recv DATA 7 2, ID 10023
007.040 .... 24 packets received, 7747 bps, 96.83%, Err 0 (0.0e+000)
007.104 Send DATA 7 7, ID 20023, Window 4, PHL Queue 10
007.270 Recv DATA 0 3, ID 10024
007.355 Send DATA 0 0, ID 20024, Window 4, PHL Queue 36
007.555 Recv DATA 1 4, ID 10025
007.622 Send DATA 1 1, ID 20025, Window 4, PHL Queue 30
007.802 Recv DATA 2 5, ID 10026
007.889 Send DATA 2 2, ID 20026, Window 4, PHL Queue 24
008.072 Recv DATA 3 6, ID 10027
008.156 Send DATA 3 3, ID 20027, Window 4, PHL Queue 18
008.356 Recv DATA 4 7, ID 10028
008.424 Send DATA 4 4, ID 20028, Window 4, PHL Queue 10
008.639 Recv DATA 5 0, ID 10029
008.671 Send DATA 5 5, ID 20029, Window 4, PHL Queue 44
008.858 Recv DATA 6 1, ID 10030
008.939 Send DATA 6 6, ID 20030, Window 4, PHL Queue 36
009.141 Recv DATA 7 2, ID 10031
009.142 .... 32 packets received, 7759 bps, 96.99%, Err 0 (0.0e+000)
009.206 Send DATA 7 7, ID 20031, Window 4, PHL Queue 30
009.388 Recv DATA 0 3, ID 10032
009.490 Send DATA 0 0, ID 20032, Window 4, PHL Queue 0
009.656 Recv DATA 1 4, ID 10033
009.739 Send DATA 1 1, ID 20033, Window 4, PHL Queue 20
009.923 Recv DATA 2 5, ID 10034
009.989 Send DATA 2 2, ID 20034, Window 4, PHL Queue 48
010.188 Recv DATA 3 6, ID 10035
010.254 Send DATA 3 3, ID 20035, Window 4, PHL Queue 46
010.472 Recv DATA 4 7, ID 10036
010.524 Send DATA 4 4, ID 20036, Window 4, PHL Queue 34
010.722 Recv DATA 5 0, ID 10037
010.790 Send DATA 5 5, ID 20037, Window 4, PHL Queue 30
010.989 Recv DATA 6 1, ID 10038
011.057 Send DATA 6 6, ID 20038, Window 4, PHL Queue 24
011.255 Recv DATA 7 2, ID 10039
011.256 .... 40 packets received, 7758 bps, 96.97%, Err 0 (0.0e+000)
011.323 Send DATA 7 7, ID 20039, Window 4, PHL Queue 20
011.539 Recv DATA 0 3, ID 10040
011.591 Send DATA 0 0, ID 20040, Window 4, PHL Queue 12
011.787 Recv DATA 1 4, ID 10041
011.839 Send DATA 1 1, ID 20041, Window 4, PHL Queue 44
012.056 Recv DATA 2 5, ID 10042
012.108 Send DATA 2 2, ID 20042, Window 4, PHL Queue 34
012.305 Recv DATA 3 6, ID 10043
012.373 Send DATA 3 3, ID 20043, Window 4, PHL Queue 32
012.573 Recv DATA 4 7, ID 10044
012.639 Send DATA 4 4, ID 20044, Window 4, PHL Queue 28
012.839 Recv DATA 5 0, ID 10045
012.907 Send DATA 5 5, ID 20045, Window 4, PHL Queue 20
013.111 Recv DATA 6 1, ID 10046
013.173 Send DATA 6 6, ID 20046, Window 4, PHL Queue 16
013.356 Recv DATA 7 2, ID 10047
013.357 .... 48 packets received, 7764 bps, 97.05%, Err 0 (0.0e+000)
013.435 Send DATA 7 7, ID 20047, Window 4, PHL Queue 20
013.622 Recv DATA 0 3, ID 10048
013.689 Send DATA 0 0, ID 20048, Window 4, PHL Queue 40
013.890 Recv DATA 1 4, ID 10049
013.956 Send DATA 1 1, ID 20049, Window 4, PHL Queue 34
014.155 Recv DATA 2 5, ID 10050
014.223 Send DATA 2 2, ID 20050, Window 4, PHL Queue 28
014.422 Recv DATA 3 6, ID 10051
014.504 Send DATA 3 3, ID 20051, Window 4, PHL Queue 0
014.690 Recv DATA 4 7, ID 10052
014.741 Send DATA 4 4, ID 20052, Window 4, PHL Queue 48
014.940 Recv DATA 5 0, ID 10053
015.007 Send DATA 5 5, ID 20053, Window 4, PHL Queue 44
015.206 Recv DATA 6 1, ID 10054
015.273 Send DATA 6 6, ID 20054, Window 4, PHL Queue 40
015.489 Recv DATA 7 2, ID 10055
015.490 .... 56 packets received, 7752 bps, 96.90%, Err 0 (0.0e+000)
015.555 Send DATA 7 7, ID 20055, Window 4, PHL Queue 4
015.756 Recv DATA 0 3, ID 10056
015.804 Send DATA 0 0, ID 20056, Window 4, PHL Queue 34
016.005 Recv DATA 1 4, ID 10057
016.074 Send DATA 1 1, ID 20057, Window 4, PHL Queue 22
016.288 Recv DATA 2 5, ID 10058
016.326 Send DATA 2 2, ID 20058, Window 4, PHL Queue 46
016.523 Recv DATA 3 6, ID 10059
016.591 Send DATA 3 3, ID 20059, Window 4, PHL Queue 44
016.789 Recv DATA 4 7, ID 10060
016.857 Send DATA 4 4, ID 20060, Window 4, PHL Queue 40
017.057 Recv DATA 5 0, ID 10061
017.122 Send DATA 5 5, ID 20061, Window 4, PHL Queue 38
017.326 Recv DATA 6 1, ID 10062
017.404 Send DATA 6 6, ID 20062, Window 4, PHL Queue 2
017.573 Recv DATA 7 2, ID 10063
017.574 .... 64 packets received, 7766 bps, 97.07%, Err 0 (0.0e+000)
017.673 Send DATA 7 7, ID 20063, Window 4, PHL Queue 0
017.837 Recv DATA 0 3, ID 10064
017.924 Send DATA 0 0, ID 20064, Window 4, PHL Queue 18
018.106 Recv DATA 1 4, ID 10065
018.173 Send DATA 1 1, ID 20065, Window 4, PHL Queue 48
018.373 Recv DATA 2 5, ID 10066
018.455 Send DATA 2 2, ID 20066, Window 4, PHL Queue 12
018.638 Recv DATA 3 6, ID 10067
018.706 Send DATA 3 3, ID 20067, Window 4, PHL Queue 38
018.906 Recv DATA 4 7, ID 10068
018.973 Send DATA 4 4, ID 20068, Window 4, PHL Queue 32
019.157 Recv DATA 5 0, ID 10069
019.237 Send DATA 5 5, ID 20069, Window 4, PHL Queue 32
019.423 Recv DATA 6 1, ID 10070
019.504 Send DATA 6 6, ID 20070, Window 4, PHL Queue 26
019.690 Recv DATA 7 2, ID 10071
019.691 .... 72 packets received, 7763 bps, 97.04%, Err 0 (0.0e+000)
019.757 Send DATA 7 7, ID 20071, Window 4, PHL Queue 48
019.963 Recv DATA 0 3, ID 10072
020.025 Send DATA 0 0, ID 20072, Window 4, PHL Queue 40
020.230 Recv DATA 1 4, ID 10073
020.293 Send DATA 1 1, ID 20073, Window 4, PHL Queue 32
020.474 Recv DATA 2 5, ID 10074
020.554 Send DATA 2 2, ID 20074, Window 4, PHL Queue 38
020.749 Recv DATA 3 6, ID 10075
020.827 Send DATA 3 3, ID 20075, Window 4, PHL Queue 20
021.022 Recv DATA 4 7, ID 10076
021.089 Send DATA 4 4, ID 20076, Window 4, PHL Queue 24
021.330 Recv DATA 5 0, ID 10077
021.360 Send DATA 5 5, ID 20077, Window 4, PHL Queue 10
021.540 Recv DATA 6 1, ID 10078
021.610 Send DATA 6 6, ID 20078, Window 4, PHL Queue 38
021.806 Recv DATA 7 2, ID 10079
021.807 .... 80 packets received, 7761 bps, 97.01%, Err 0 (0.0e+000)
021.874 Send DATA 7 7, ID 20079, Window 4, PHL Queue 38
022.074 Recv DATA 0 3, ID 10080
022.140 Send DATA 0 0, ID 20080, Window 4, PHL Queue 34
022.374 Recv DATA 1 4, ID 10081
022.407 Send DATA 1 1, ID 20081, Window 4, PHL Queue 28
022.607 Recv DATA 2 5, ID 10082
022.674 Send DATA 2 2, ID 20082, Window 4, PHL Queue 22
022.872 Recv DATA 3 6, ID 10083
022.938 Send DATA 3 3, ID 20083, Window 4, PHL Queue 22
023.123 Recv DATA 4 7, ID 10084
023.190 Send DATA 4 4, ID 20084, Window 4, PHL Queue 46
023.390 Recv DATA 5 0, ID 10085
023.457 Send DATA 5 5, ID 20085, Window 4, PHL Queue 40
023.657 Recv DATA 6 1, ID 10086
023.724 Send DATA 6 6, ID 20086, Window 4, PHL Queue 34
023.924 Recv DATA 7 2, ID 10087
023.924 .... 88 packets received, 7759 bps, 96.98%, Err 0 (0.0e+000)
023.990 Send DATA 7 7, ID 20087, Window 4, PHL Queue 30
024.189 Recv DATA 0 3, ID 10088
024.257 Send DATA 0 0, ID 20088, Window 4, PHL Queue 24
024.456 Recv DATA 1 4, ID 10089
024.521 Send DATA 1 1, ID 20089, Window 4, PHL Queue 24
024.706 Recv DATA 2 5, ID 10090
024.788 Send DATA 2 2, ID 20090, Window 4, PHL Queue 18
024.972 Recv DATA 3 6, ID 10091
025.040 Send DATA 3 3, ID 20091, Window 4, PHL Queue 42
025.239 Recv DATA 4 7, ID 10092
025.307 Send DATA 4 4, ID 20092, Window 4, PHL Queue 36
025.506 Recv DATA 5 0, ID 10093
025.587 Send DATA 5 5, ID 20093, Window 4, PHL Queue 4
025.773 Recv DATA 6 1, ID 10094
025.841 Send DATA 6 6, ID 20094, Window 4, PHL Queue 24
026.039 Recv DATA 7 2, ID 10095
026.040 .... 96 packets received, 7758 bps, 96.97%, Err 0 (0.0e+000)
026.106 Send DATA 7 7, ID 20095, Window 4, PHL Queue 22
026.306 Recv DATA 0 3, ID 10096
026.359 Send DATA 0 0, ID 20096, Window 4, PHL Queue 44
026.556 Recv DATA 1 4, ID 10097
026.621 Send DATA 1 1, ID 20097, Window 4, PHL Queue 48
026.823 Recv DATA 2 5, ID 10098
026.890 Send DATA 2 2, ID 20098, Window 4, PHL Queue 38
027.089 Recv DATA 3 6, ID 10099
027.157 Send DATA 3 3, ID 20099, Window 4, PHL Queue 32
027.356 Recv DATA 4 7, ID 10100
027.424 Send DATA 4 4, ID 20100, Window 4, PHL Queue 26
027.624 Recv DATA 5 0, ID 10101
027.691 Send DATA 5 5, ID 20101, Window 4, PHL Queue 20
027.889 Recv DATA 6 1, ID 10102
027.957 Send DATA 6 6, ID 20102, Window 4, PHL Queue 16
028.158 Recv DATA 7 2, ID 10103
028.158 .... 104 packets received, 7756 bps, 96.94%, Err 0 (0.0e+000)
028.207 Send DATA 7 7, ID 20103, Window 4, PHL Queue 44
028.406 Recv DATA 0 3, ID 10104
028.474 Send DATA 0 0, ID 20104, Window 4, PHL Queue 38
028.673 Recv DATA 1 4, ID 10105
028.741 Send DATA 1 1, ID 20105, Window 4, PHL Queue 32
028.939 Recv DATA 2 5, ID 10106
029.007 Send DATA 2 2, ID 20106, Window 4, PHL Queue 28
029.206 Recv DATA 3 6, ID 10107
029.273 Send DATA 3 3, ID 20107, Window 4, PHL Queue 24
029.473 Recv DATA 4 7, ID 10108
029.554 Send DATA 4 4, ID 20108, Window 4, PHL Queue 0
029.724 Recv DATA 5 0, ID 10109
029.791 Send DATA 5 5, ID 20109, Window 4, PHL Queue 44
029.991 Recv DATA 6 1, ID 10110
030.058 Send DATA 6 6, ID 20110, Window 4, PHL Queue 38
030.256 Recv DATA 7 2, ID 10111
030.257 .... 112 packets received, 7759 bps, 96.99%, Err 0 (0.0e+000)
030.323 Send DATA 7 7, ID 20111, Window 4, PHL Queue 36
030.522 Recv DATA 0 3, ID 10112
030.590 Send DATA 0 0, ID 20112, Window 4, PHL Queue 30
030.789 Recv DATA 1 4, ID 10113
030.857 Send DATA 1 1, ID 20113, Window 4, PHL Queue 24
031.040 Recv DATA 2 5, ID 10114
031.122 Send DATA 2 2, ID 20114, Window 4, PHL Queue 22
031.306 Recv DATA 3 6, ID 10115
031.374 Send DATA 3 3, ID 20115, Window 4, PHL Queue 46
031.573 Recv DATA 4 7, ID 10116
031.640 Send DATA 4 4, ID 20116, Window 4, PHL Queue 42
031.839 Recv DATA 5 0, ID 10117
031.905 Send DATA 5 5, ID 20117, Window 4, PHL Queue 40
032.089 Recv DATA 6 1, ID 10118
032.172 Send DATA 6 6, ID 20118, Window 4, PHL Queue 34
032.390 Recv DATA 7 2, ID 10119
032.393 .... 120 packets received, 7754 bps, 96.92%, Err 0 (0.0e+000)
032.441 Send DATA 7 7, ID 20119, Window 4, PHL Queue 24
032.640 Recv DATA 0 3, ID 10120
032.707 Send DATA 0 0, ID 20120, Window 4, PHL Queue 20
032.889 Recv DATA 1 4, ID 10121
032.957 Send DATA 1 1, ID 20121, Window 4, PHL Queue 48
033.156 Recv DATA 2 5, ID 10122
033.224 Send DATA 2 2, ID 20122, Window 4, PHL Queue 42
033.423 Recv DATA 3 6, ID 10123
033.491 Send DATA 3 3, ID 20123, Window 4, PHL Queue 36
033.689 Recv DATA 4 7, ID 10124
033.757 Send DATA 4 4, ID 20124, Window 4, PHL Queue 32
033.956 Recv DATA 5 0, ID 10125
034.023 Send DATA 5 5, ID 20125, Window 4, PHL Queue 28
034.224 Recv DATA 6 1, ID 10126
034.291 Send DATA 6 6, ID 20126, Window 4, PHL Queue 20
034.490 Recv DATA 7 2, ID 10127
034.491 .... 128 packets received, 7757 bps, 96.96%, Err 0 (0.0e+000)
034.541 Send DATA 7 7, ID 20127, Window 4, PHL Queue 48
034.739 Recv DATA 0 3, ID 10128
034.807 Send DATA 0 0, ID 20128, Window 4, PHL Queue 44
035.006 Recv DATA 1 4, ID 10129
035.074 Send DATA 1 1, ID 20129, Window 4, PHL Queue 38
035.272 Recv DATA 2 5, ID 10130
035.350 Send DATA 2 2, ID 20130, Window 4, PHL Queue 14
035.539 Recv DATA 3 6, ID 10131
035.607 Send DATA 3 3, ID 20131, Window 4, PHL Queue 28
035.806 Recv DATA 4 7, ID 10132
035.874 Send DATA 4 4, ID 20132, Window 4, PHL Queue 22
036.074 Recv DATA 5 0, ID 10133
036.140 Send DATA 5 5, ID 20133, Window 4, PHL Queue 18
036.339 Recv DATA 6 1, ID 10134
036.389 Send DATA 6 6, ID 20134, Window 4, PHL Queue 48
036.606 Recv DATA 7 2, ID 10135
036.607 .... 136 packets received, 7756 bps, 96.95%, Err 0 (0.0e+000)
036.657 Send DATA 7 7, ID 20135, Window 4, PHL Queue 40
036.856 Recv DATA 0 3, ID 10136
036.923 Send DATA 0 0, ID 20136, Window 4, PHL Queue 36
037.123 Recv DATA 1 4, ID 10137
037.190 Send DATA 1 1, ID 20137, Window 4, PHL Queue 30
037.389 Recv DATA 2 5, ID 10138
037.456 Send DATA 2 2, ID 20138, Window 4, PHL Queue 26
037.673 Recv DATA 3 6, ID 10139
037.724 Send DATA 3 3, ID 20139, Window 4, PHL Queue 18
037.922 Recv DATA 4 7, ID 10140
037.973 Send DATA 4 4, ID 20140, Window 4, PHL Queue 48
038.189 Recv DATA 5 0, ID 10141
038.239 Send DATA 5 5, ID 20141, Window 4, PHL Queue 44
038.439 Recv DATA 6 1, ID 10142
038.508 Send DATA 6 6, ID 20142, Window 4, PHL Queue 34
038.706 Recv DATA 7 2, ID 10143
038.707 .... 144 packets received, 7759 bps, 96.98%, Err 0 (0.0e+000)
038.773 Send DATA 7 7, ID 20143, Window 4, PHL Queue 32
038.973 Recv DATA 0 3, ID 10144
039.041 Send DATA 0 0, ID 20144, Window 4, PHL Queue 24
039.241 Recv DATA 1 4, ID 10145
039.307 Send DATA 1 1, ID 20145, Window 4, PHL Queue 20
039.507 Recv DATA 2 5, ID 10146
039.557 Send DATA 2 2, ID 20146, Window 4, PHL Queue 48
039.774 Recv DATA 3 6, ID 10147
039.824 Send DATA 3 3, ID 20147, Window 4, PHL Queue 42
040.039 Recv DATA 4 7, ID 10148
040.089 Send DATA 4 4, ID 20148, Window 4, PHL Queue 40
040.290 Recv DATA 5 0, ID 10149
040.357 Send DATA 5 5, ID 20149, Window 4, PHL Queue 32
040.557 Recv DATA 6 1, ID 10150
040.624 Send DATA 6 6, ID 20150, Window 4, PHL Queue 26
040.823 Recv DATA 7 2, ID 10151
040.824 .... 152 packets received, 7758 bps, 96.97%, Err 0 (0.0e+000)
040.891 Send DATA 7 7, ID 20151, Window 4, PHL Queue 20
041.089 Recv DATA 0 3, ID 10152
041.141 Send DATA 0 0, ID 20152, Window 4, PHL Queue 48
041.356 Recv DATA 1 4, ID 10153
041.408 Send DATA 1 1, ID 20153, Window 4, PHL Queue 42
041.623 Recv DATA 2 5, ID 10154
041.688 Send DATA 2 2, ID 20154, Window 4, PHL Queue 10
041.889 Recv DATA 3 6, ID 10155
041.939 Send DATA 3 3, ID 20155, Window 4, PHL Queue 36
042.157 Recv DATA 4 7, ID 10156
042.207 Send DATA 4 4, ID 20156, Window 4, PHL Queue 28
042.423 Recv DATA 5 0, ID 10157
042.474 Send DATA 5 5, ID 20157, Window 4, PHL Queue 22
042.673 Recv DATA 6 1, ID 10158
042.738 Send DATA 6 6, ID 20158, Window 4, PHL Queue 22
042.922 Recv DATA 7 2, ID 10159
042.924 .... 160 packets received, 7760 bps, 97.00%, Err 0 (0.0e+000)
042.991 Send DATA 7 7, ID 20159, Window 4, PHL Queue 44
043.198 Recv DATA 0 3, ID 10160
043.270 Send DATA 0 0, ID 20160, Window 4, PHL Queue 14
043.473 Recv DATA 1 4, ID 10161
043.523 Send DATA 1 1, ID 20161, Window 4, PHL Queue 36
043.721 Recv DATA 2 5, ID 10162
043.789 Send DATA 2 2, ID 20162, Window 4, PHL Queue 32
043.975 Recv DATA 3 6, ID 10163
