000.000 =============================================================
000.000                     Station A                               
000.000 -------------------------------------------------------------
000.000 Protocol.lib, version 4.0, jiangyanjun0718@bupt.edu.cn
000.000 Channel: 8000 bps, 270 ms propagation delay, bit error rate 0
000.000 Log file "C:\Users\lymly\Desktop\课内\大二下\计算机网络\实验\Lab1(Win+Linux)\Lab1-Windows-VS2017\Example\gobackn-A.log", TCP port 59144, debug mask 0x03
000.000 Station A is waiting for station B on TCP port 59144 ... Done.
000.596 New epoch: Sun May 10 21:34:23 2026
000.598 =================================================================
000.598 
000.598 Designed by Jiang Yanjun, build: Oct 28 2018  16:37:57
000.598 Protocol Options: Piggybacking (Enabled), NAK (Enabled)
000.598 Send DATA 0 7, ID 10000, Window 0, PHL Queue 0
000.846 Send DATA 1 7, ID 10001, Window 1, PHL Queue 32
001.115 Send DATA 2 7, ID 10002, Window 2, PHL Queue 22
001.366 Send DATA 3 7, ID 10003, Window 3, PHL Queue 48
001.583 Recv DATA 0 7, ID 20000
001.631 Send DATA 4 0, ID 10004, Window 4, PHL Queue 46
001.865 Recv DATA 1 0, ID 20001
001.899 Send DATA 5 1, ID 10005, Window 4, PHL Queue 38
002.136 Recv DATA 2 1, ID 20002
002.166 Send DATA 6 2, ID 10006, Window 4, PHL Queue 32
002.383 Recv DATA 3 2, ID 20003
002.430 Send DATA 7 3, ID 10007, Window 4, PHL Queue 32
002.633 Recv DATA 4 3, ID 20004
002.698 Send DATA 0 4, ID 10008, Window 4, PHL Queue 24
002.897 Recv DATA 5 4, ID 20005
002.964 Send DATA 1 5, ID 10009, Window 4, PHL Queue 20
003.167 Recv DATA 6 5, ID 20006
003.214 Send DATA 2 6, ID 10010, Window 4, PHL Queue 48
003.431 Recv DATA 7 6, ID 20007
003.434 .... 8 packets received, 7732 bps, 96.65%, Err 0 (0.0e+000)
003.480 Send DATA 3 7, ID 10011, Window 4, PHL Queue 44
003.699 Recv DATA 0 7, ID 20008
003.747 Send DATA 4 0, ID 10012, Window 4, PHL Queue 38
003.947 Recv DATA 1 0, ID 20009
004.015 Send DATA 5 1, ID 10013, Window 4, PHL Queue 30
004.216 Recv DATA 2 1, ID 20010
004.281 Send DATA 6 2, ID 10014, Window 4, PHL Queue 26
004.483 Recv DATA 3 2, ID 20011
004.547 Send DATA 7 3, ID 10015, Window 4, PHL Queue 22
004.750 Recv DATA 4 3, ID 20012
004.799 Send DATA 0 4, ID 10016, Window 4, PHL Queue 46
005.015 Recv DATA 5 4, ID 20013
005.065 Send DATA 1 5, ID 10017, Window 4, PHL Queue 42
005.265 Recv DATA 6 5, ID 20014
005.332 Send DATA 2 6, ID 10018, Window 4, PHL Queue 36
005.534 Recv DATA 7 6, ID 20015
005.534 .... 16 packets received, 7761 bps, 97.02%, Err 0 (0.0e+000)
005.597 Send DATA 3 7, ID 10019, Window 4, PHL Queue 34
005.800 Recv DATA 0 7, ID 20016
005.865 Send DATA 4 0, ID 10020, Window 4, PHL Queue 26
006.063 Recv DATA 1 0, ID 20017
006.149 Send DATA 5 1, ID 10021, Window 4, PHL Queue 0
006.339 Recv DATA 2 1, ID 20018
006.397 Send DATA 6 2, ID 10022, Window 4, PHL Queue 18
006.604 Recv DATA 3 2, ID 20019
006.655 Send DATA 7 3, ID 10023, Window 4, PHL Queue 30
006.866 Recv DATA 4 3, ID 20020
006.921 Send DATA 0 4, ID 10024, Window 4, PHL Queue 26
007.126 Recv DATA 5 4, ID 20021
007.184 Send DATA 1 5, ID 10025, Window 4, PHL Queue 28
007.395 Recv DATA 6 5, ID 20022
007.441 Send DATA 2 6, ID 10026, Window 4, PHL Queue 42
007.672 Recv DATA 7 6, ID 20023
007.673 .... 24 packets received, 7728 bps, 96.60%, Err 0 (0.0e+000)
007.703 Send DATA 3 7, ID 10027, Window 4, PHL Queue 46
007.936 Recv DATA 0 7, ID 20024
007.967 Send DATA 4 0, ID 10028, Window 4, PHL Queue 46
008.200 Recv DATA 1 0, ID 20025
008.232 Send DATA 5 1, ID 10029, Window 4, PHL Queue 44
008.447 Recv DATA 2 1, ID 20026
008.520 Send DATA 6 2, ID 10030, Window 4, PHL Queue 0
008.721 Recv DATA 3 2, ID 20027
008.779 Send DATA 7 3, ID 10031, Window 4, PHL Queue 6
008.986 Recv DATA 4 3, ID 20028
009.045 Send DATA 0 4, ID 10032, Window 4, PHL Queue 2
009.253 Recv DATA 5 4, ID 20029
009.297 Send DATA 1 5, ID 10033, Window 4, PHL Queue 26
009.532 Recv DATA 6 5, ID 20030
009.559 Send DATA 2 6, ID 10034, Window 4, PHL Queue 30
009.766 Recv DATA 7 6, ID 20031
009.766 .... 32 packets received, 7752 bps, 96.90%, Err 0 (0.0e+000)
009.827 Send DATA 3 7, ID 10035, Window 4, PHL Queue 22
010.026 Recv DATA 0 7, ID 20032
010.083 Send DATA 4 0, ID 10036, Window 4, PHL Queue 38
010.308 Recv DATA 1 0, ID 20033
010.355 Send DATA 5 1, ID 10037, Window 4, PHL Queue 22
010.581 Recv DATA 2 1, ID 20034
010.610 Send DATA 6 2, ID 10038, Window 4, PHL Queue 40
010.827 Recv DATA 3 2, ID 20035
010.874 Send DATA 7 3, ID 10039, Window 4, PHL Queue 40
011.103 Recv DATA 4 3, ID 20036
011.146 Send DATA 0 4, ID 10040, Window 4, PHL Queue 24
011.338 Recv DATA 5 4, ID 20037
011.427 Send DATA 1 5, ID 10041, Window 4, PHL Queue 0
011.641 Recv DATA 6 5, ID 20038
011.671 Send DATA 2 6, ID 10042, Window 4, PHL Queue 30
011.883 Recv DATA 7 6, ID 20039
011.885 .... 40 packets received, 7750 bps, 96.87%, Err 0 (0.0e+000)
011.945 Send DATA 3 7, ID 10043, Window 4, PHL Queue 10
012.117 Recv DATA 0 7, ID 20040
012.195 Send DATA 4 0, ID 10044, Window 4, PHL Queue 38
012.381 Recv DATA 1 0, ID 20041
012.458 Send DATA 5 1, ID 10045, Window 4, PHL Queue 40
012.676 Recv DATA 2 1, ID 20042
012.723 Send DATA 6 2, ID 10046, Window 4, PHL Queue 38
012.951 Recv DATA 3 2, ID 20043
012.982 Send DATA 7 3, ID 10047, Window 4, PHL Queue 48
013.199 Recv DATA 4 3, ID 20044
013.258 Send DATA 0 4, ID 10048, Window 4, PHL Queue 24
013.478 Recv DATA 5 4, ID 20045
013.538 Send DATA 1 5, ID 10049, Window 4, PHL Queue 0
013.732 Recv DATA 6 5, ID 20046
013.778 Send DATA 2 6, ID 10050, Window 4, PHL Queue 40
014.002 Recv DATA 7 6, ID 20047
014.004 .... 48 packets received, 7747 bps, 96.83%, Err 0 (0.0e+000)
014.049 Send DATA 3 7, ID 10051, Window 4, PHL Queue 26
014.266 Recv DATA 0 7, ID 20048
014.313 Send DATA 4 0, ID 10052, Window 4, PHL Queue 26
014.531 Recv DATA 1 0, ID 20049
014.592 Send DATA 5 1, ID 10053, Window 4, PHL Queue 0
014.805 Recv DATA 2 1, ID 20050
014.836 Send DATA 6 2, ID 10054, Window 4, PHL Queue 36
015.086 Recv DATA 3 2, ID 20051
015.117 Send DATA 7 3, ID 10055, Window 4, PHL Queue 2
015.335 Recv DATA 4 3, ID 20052
015.367 Send DATA 0 4, ID 10056, Window 4, PHL Queue 30
015.600 Recv DATA 5 4, ID 20053
015.632 Send DATA 1 5, ID 10057, Window 4, PHL Queue 28
015.863 Recv DATA 6 5, ID 20054
015.897 Send DATA 2 6, ID 10058, Window 4, PHL Queue 26
016.079 Recv DATA 7 6, ID 20055
016.081 .... 56 packets received, 7767 bps, 97.08%, Err 0 (0.0e+000)
016.173 Send DATA 3 7, ID 10059, Window 4, PHL Queue 2
016.346 Recv DATA 0 7, ID 20056
016.437 Send DATA 4 0, ID 10060, Window 4, PHL Queue 2
016.655 Recv DATA 1 0, ID 20057
016.685 Send DATA 5 1, ID 10061, Window 4, PHL Queue 34
016.903 Recv DATA 2 1, ID 20058
016.963 Send DATA 6 2, ID 10062, Window 4, PHL Queue 6
017.166 Recv DATA 3 2, ID 20059
017.229 Send DATA 7 3, ID 10063, Window 4, PHL Queue 2
017.428 Recv DATA 4 3, ID 20060
017.476 Send DATA 0 4, ID 10064, Window 4, PHL Queue 36
017.695 Recv DATA 5 4, ID 20061
017.741 Send DATA 1 5, ID 10065, Window 4, PHL Queue 34
017.941 Recv DATA 6 5, ID 20062
018.003 Send DATA 2 6, ID 10066, Window 4, PHL Queue 38
018.265 Recv DATA 7 6, ID 20063
018.266 .... 64 packets received, 7731 bps, 96.64%, Err 0 (0.0e+000)
018.268 Send DATA 3 7, ID 10067, Window 4, PHL Queue 36
018.484 Recv DATA 0 7, ID 20064
018.545 Send DATA 4 0, ID 10068, Window 4, PHL Queue 10
018.762 Recv DATA 1 0, ID 20065
018.792 Send DATA 5 1, ID 10069, Window 4, PHL Queue 44
019.010 Recv DATA 2 1, ID 20066
019.057 Send DATA 6 2, ID 10070, Window 4, PHL Queue 42
019.310 Recv DATA 3 2, ID 20067
019.341 Send DATA 7 3, ID 10071, Window 4, PHL Queue 2
019.542 Recv DATA 4 3, ID 20068
019.588 Send DATA 0 4, ID 10072, Window 4, PHL Queue 36
019.791 Recv DATA 5 4, ID 20069
019.864 Send DATA 1 5, ID 10073, Window 4, PHL Queue 12
020.081 Recv DATA 6 5, ID 20070
020.112 Send DATA 2 6, ID 10074, Window 4, PHL Queue 44
020.327 Recv DATA 7 6, ID 20071
020.327 .... 72 packets received, 7755 bps, 96.93%, Err 0 (0.0e+000)
020.383 Send DATA 3 7, ID 10075, Window 4, PHL Queue 30
020.609 Recv DATA 0 7, ID 20072
020.640 Send DATA 4 0, ID 10076, Window 4, PHL Queue 44
020.844 Recv DATA 1 0, ID 20073
020.919 Send DATA 5 1, ID 10077, Window 4, PHL Queue 14
021.117 Recv DATA 2 1, ID 20074
021.188 Send DATA 6 2, ID 10078, Window 4, PHL Queue 4
021.397 Recv DATA 3 2, ID 20075
021.444 Send DATA 7 3, ID 10079, Window 4, PHL Queue 20
021.660 Recv DATA 4 3, ID 20076
021.705 Send DATA 0 4, ID 10080, Window 4, PHL Queue 26
021.947 Recv DATA 5 4, ID 20077
021.974 Send DATA 1 5, ID 10081, Window 4, PHL Queue 16
022.191 Recv DATA 6 5, ID 20078
022.222 Send DATA 2 6, ID 10082, Window 4, PHL Queue 48
022.435 Recv DATA 7 6, ID 20079
022.435 .... 80 packets received, 7756 bps, 96.96%, Err 0 (0.0e+000)
022.488 Send DATA 3 7, ID 10083, Window 4, PHL Queue 44
022.699 Recv DATA 0 7, ID 20080
022.765 Send DATA 4 0, ID 10084, Window 4, PHL Queue 18
022.967 Recv DATA 1 0, ID 20081
023.014 Send DATA 5 1, ID 10085, Window 4, PHL Queue 48
023.249 Recv DATA 2 1, ID 20082
023.283 Send DATA 6 2, ID 10086, Window 4, PHL Queue 38
023.482 Recv DATA 3 2, ID 20083
023.548 Send DATA 7 3, ID 10087, Window 4, PHL Queue 36
023.767 Recv DATA 4 3, ID 20084
023.816 Send DATA 0 4, ID 10088, Window 4, PHL Queue 28
024.049 Recv DATA 5 4, ID 20085
024.080 Send DATA 1 5, ID 10089, Window 4, PHL Queue 28
024.283 Recv DATA 6 5, ID 20086
024.349 Send DATA 2 6, ID 10090, Window 4, PHL Queue 18
024.552 Recv DATA 7 6, ID 20087
024.552 .... 88 packets received, 7755 bps, 96.94%, Err 0 (0.0e+000)
024.614 Send DATA 3 7, ID 10091, Window 4, PHL Queue 16
024.813 Recv DATA 0 7, ID 20088
024.864 Send DATA 4 0, ID 10092, Window 4, PHL Queue 44
025.079 Recv DATA 1 0, ID 20089
025.146 Send DATA 5 1, ID 10093, Window 4, PHL Queue 8
025.380 Recv DATA 2 1, ID 20090
025.399 Send DATA 6 2, ID 10094, Window 4, PHL Queue 30
025.600 Recv DATA 3 2, ID 20091
025.664 Send DATA 7 3, ID 10095, Window 4, PHL Queue 28
025.898 Recv DATA 4 3, ID 20092
025.931 Send DATA 0 4, ID 10096, Window 4, PHL Queue 22
026.131 Recv DATA 5 4, ID 20093
026.198 Send DATA 1 5, ID 10097, Window 4, PHL Queue 16
026.398 Recv DATA 6 5, ID 20094
026.448 Send DATA 2 6, ID 10098, Window 4, PHL Queue 44
026.664 Recv DATA 7 6, ID 20095
026.665 .... 96 packets received, 7755 bps, 96.94%, Err 0 (0.0e+000)
026.712 Send DATA 3 7, ID 10099, Window 4, PHL Queue 44
026.931 Recv DATA 0 7, ID 20096
026.981 Send DATA 4 0, ID 10100, Window 4, PHL Queue 34
027.216 Recv DATA 1 0, ID 20097
027.247 Send DATA 5 1, ID 10101, Window 4, PHL Queue 30
027.482 Recv DATA 2 1, ID 20098
027.515 Send DATA 6 2, ID 10102, Window 4, PHL Queue 22
027.716 Recv DATA 3 2, ID 20099
027.778 Send DATA 7 3, ID 10103, Window 4, PHL Queue 24
027.979 Recv DATA 4 3, ID 20100
028.031 Send DATA 0 4, ID 10104, Window 4, PHL Queue 46
028.247 Recv DATA 5 4, ID 20101
028.299 Send DATA 1 5, ID 10105, Window 4, PHL Queue 38
028.532 Recv DATA 6 5, ID 20102
028.564 Send DATA 2 6, ID 10106, Window 4, PHL Queue 36
028.797 Recv DATA 7 6, ID 20103
028.799 .... 104 packets received, 7749 bps, 96.87%, Err 0 (0.0e+000)
028.831 Send DATA 3 7, ID 10107, Window 4, PHL Queue 30
029.030 Recv DATA 0 7, ID 20104
029.099 Send DATA 4 0, ID 10108, Window 4, PHL Queue 22
029.348 Recv DATA 1 0, ID 20105
029.367 Send DATA 5 1, ID 10109, Window 4, PHL Queue 14
029.568 Recv DATA 2 1, ID 20106
029.630 Send DATA 6 2, ID 10110, Window 4, PHL Queue 16
029.834 Recv DATA 3 2, ID 20107
029.883 Send DATA 7 3, ID 10111, Window 4, PHL Queue 38
030.099 Recv DATA 4 3, ID 20108
030.148 Send DATA 0 4, ID 10112, Window 4, PHL Queue 36
030.345 Recv DATA 5 4, ID 20109
030.414 Send DATA 1 5, ID 10113, Window 4, PHL Queue 32
030.633 Recv DATA 6 5, ID 20110
030.681 Send DATA 2 6, ID 10114, Window 4, PHL Queue 26
030.881 Recv DATA 7 6, ID 20111
030.882 .... 112 packets received, 7757 bps, 96.97%, Err 0 (0.0e+000)
030.947 Send DATA 3 7, ID 10115, Window 4, PHL Queue 22
031.150 Recv DATA 0 7, ID 20112
031.215 Send DATA 4 0, ID 10116, Window 4, PHL Queue 14
031.414 Recv DATA 1 0, ID 20113
031.463 Send DATA 5 1, ID 10117, Window 4, PHL Queue 46
031.681 Recv DATA 2 1, ID 20114
031.732 Send DATA 6 2, ID 10118, Window 4, PHL Queue 36
031.949 Recv DATA 3 2, ID 20115
031.998 Send DATA 7 3, ID 10119, Window 4, PHL Queue 32
032.198 Recv DATA 4 3, ID 20116
032.265 Send DATA 0 4, ID 10120, Window 4, PHL Queue 26
032.465 Recv DATA 5 4, ID 20117
032.531 Send DATA 1 5, ID 10121, Window 4, PHL Queue 22
032.731 Recv DATA 6 5, ID 20118
032.798 Send DATA 2 6, ID 10122, Window 4, PHL Queue 16
032.999 Recv DATA 7 6, ID 20119
033.000 .... 120 packets received, 7756 bps, 96.95%, Err 0 (0.0e+000)
033.048 Send DATA 3 7, ID 10123, Window 4, PHL Queue 44
033.266 Recv DATA 0 7, ID 20120
033.314 Send DATA 4 0, ID 10124, Window 4, PHL Queue 40
033.533 Recv DATA 1 0, ID 20121
033.582 Send DATA 5 1, ID 10125, Window 4, PHL Queue 32
033.799 Recv DATA 2 1, ID 20122
033.848 Send DATA 6 2, ID 10126, Window 4, PHL Queue 28
034.048 Recv DATA 3 2, ID 20123
034.115 Send DATA 7 3, ID 10127, Window 4, PHL Queue 22
034.314 Recv DATA 4 3, ID 20124
034.381 Send DATA 0 4, ID 10128, Window 4, PHL Queue 18
034.582 Recv DATA 5 4, ID 20125
034.630 Send DATA 1 5, ID 10129, Window 4, PHL Queue 48
034.848 Recv DATA 6 5, ID 20126
034.898 Send DATA 2 6, ID 10130, Window 4, PHL Queue 40
035.115 Recv DATA 7 6, ID 20127
035.115 .... 128 packets received, 7755 bps, 96.94%, Err 0 (0.0e+000)
035.165 Send DATA 3 7, ID 10131, Window 4, PHL Queue 34
035.382 Recv DATA 0 7, ID 20128
035.431 Send DATA 4 0, ID 10132, Window 4, PHL Queue 30
035.650 Recv DATA 1 0, ID 20129
035.699 Send DATA 5 1, ID 10133, Window 4, PHL Queue 22
035.930 Recv DATA 2 1, ID 20130
035.965 Send DATA 6 2, ID 10134, Window 4, PHL Queue 18
036.164 Recv DATA 3 2, ID 20131
036.215 Send DATA 7 3, ID 10135, Window 4, PHL Queue 46
036.306 TCP Disconnected.
